2019-07-05 09:56:50,278 [Worker-4: Loading available Gradle versions] INFO  c.g.t.t.d.PublishedGradleVersions - Gradle version information cache is out-of-date. Trying to update.
2019-07-05 10:00:37,396 [Worker-6: Creating project "louchChrome"] INFO  o.e.m.c.i.l.LifecycleMappingFactory - Using org.eclipse.m2e.jdt.JarLifecycleMapping lifecycle mapping for MavenProject: mavenDemo:louchChrome:0.0.1-SNAPSHOT @ C:\Users\Abdel\Documents\Cloned Servers\maven1\louchChrome\pom.xml.
2019-07-05 10:00:37,556 [Worker-6: Creating project "louchChrome"] INFO  o.e.m.j.i.AbstractJavaProjectConfigurator - Adding source folder /louchChrome/src/main/java
2019-07-05 10:00:37,558 [Worker-6: Creating project "louchChrome"] INFO  o.e.m.j.i.AbstractJavaProjectConfigurator - Adding resource folder /louchChrome/src/main/resources
2019-07-05 10:00:37,559 [Worker-6: Creating project "louchChrome"] INFO  o.e.m.j.i.AbstractJavaProjectConfigurator - Adding source folder /louchChrome/src/test/java
2019-07-05 10:00:37,560 [Worker-6: Creating project "louchChrome"] INFO  o.e.m.j.i.AbstractJavaProjectConfigurator - Adding resource folder /louchChrome/src/test/resources
2019-07-05 10:00:38,601 [Worker-12: Building workspace] WARN  o.e.m.c.i.embedder.EclipseLogger - Using platform encoding (Cp1252 actually) to copy filtered resources, i.e. build is platform dependent!
2019-07-05 10:00:38,606 [Worker-12: Building workspace] INFO  o.e.m.c.i.embedder.EclipseLogger - Copying 0 resource
2019-07-05 10:00:38,607 [Worker-12: Building workspace] WARN  o.e.m.c.i.embedder.EclipseLogger - Using platform encoding (Cp1252 actually) to copy filtered resources, i.e. build is platform dependent!
2019-07-05 10:00:38,608 [Worker-12: Building workspace] INFO  o.e.m.c.i.embedder.EclipseLogger - Copying 0 resource
2019-07-05 10:02:17,698 [Worker-15: Building workspace] WARN  o.e.m.c.i.embedder.EclipseLogger - Using platform encoding (Cp1252 actually) to copy filtered resources, i.e. build is platform dependent!
2019-07-05 10:02:17,707 [Worker-15: Building workspace] INFO  o.e.m.c.i.embedder.EclipseLogger - Copying 0 resource
2019-07-05 10:02:17,708 [Worker-15: Building workspace] WARN  o.e.m.c.i.embedder.EclipseLogger - Using platform encoding (Cp1252 actually) to copy filtered resources, i.e. build is platform dependent!
2019-07-05 10:02:17,709 [Worker-15: Building workspace] INFO  o.e.m.c.i.embedder.EclipseLogger - Copying 0 resource
2019-07-05 10:02:18,783 [Worker-7: Building workspace] WARN  o.e.m.c.i.embedder.EclipseLogger - Using platform encoding (Cp1252 actually) to copy filtered resources, i.e. build is platform dependent!
2019-07-05 10:02:18,784 [Worker-7: Building workspace] INFO  o.e.m.c.i.embedder.EclipseLogger - Copying 0 resource
2019-07-05 10:02:18,785 [Worker-7: Building workspace] WARN  o.e.m.c.i.embedder.EclipseLogger - Using platform encoding (Cp1252 actually) to copy filtered resources, i.e. build is platform dependent!
2019-07-05 10:02:18,786 [Worker-7: Building workspace] INFO  o.e.m.c.i.embedder.EclipseLogger - Copying 0 resource
2019-07-05 10:04:41,043 [Worker-12: Building workspace] INFO  o.e.m.c.i.l.LifecycleMappingFactory - Using org.eclipse.m2e.jdt.JarLifecycleMapping lifecycle mapping for MavenProject: mavenDemo:louchChrome:0.0.1-SNAPSHOT @ C:\Users\Abdel\Documents\Cloned Servers\maven1\louchChrome\pom.xml.
2019-07-05 10:04:41,291 [Worker-12: Building workspace] INFO  o.e.m.c.i.embedder.EclipseLogger - Using 'UTF-8' encoding to copy filtered resources.
2019-07-05 10:04:41,291 [Worker-12: Building workspace] INFO  o.e.m.c.i.embedder.EclipseLogger - Copying 0 resource
2019-07-05 10:04:41,293 [Worker-12: Building workspace] INFO  o.e.m.c.i.embedder.EclipseLogger - Using 'UTF-8' encoding to copy filtered resources.
2019-07-05 10:04:41,293 [Worker-12: Building workspace] INFO  o.e.m.c.i.embedder.EclipseLogger - Copying 0 resource
2019-07-05 10:04:42,440 [Worker-16: Building workspace] INFO  o.e.m.c.i.embedder.EclipseLogger - Using 'UTF-8' encoding to copy filtered resources.
2019-07-05 10:04:42,441 [Worker-16: Building workspace] INFO  o.e.m.c.i.embedder.EclipseLogger - Copying 0 resource
2019-07-05 10:04:42,442 [Worker-16: Building workspace] INFO  o.e.m.c.i.embedder.EclipseLogger - Using 'UTF-8' encoding to copy filtered resources.
2019-07-05 10:04:42,442 [Worker-16: Building workspace] INFO  o.e.m.c.i.embedder.EclipseLogger - Copying 0 resource
2019-07-05 10:14:07,947 [Worker-17: Launching chromebrow] INFO  o.e.m.c.i.embedder.EclipseLogger - Using 'UTF-8' encoding to copy filtered resources.
2019-07-05 10:14:07,948 [Worker-17: Launching chromebrow] INFO  o.e.m.c.i.embedder.EclipseLogger - Copying 0 resource
2019-07-05 10:14:07,948 [Worker-17: Launching chromebrow] INFO  o.e.m.c.i.embedder.EclipseLogger - Using 'UTF-8' encoding to copy filtered resources.
2019-07-05 10:14:07,949 [Worker-17: Launching chromebrow] INFO  o.e.m.c.i.embedder.EclipseLogger - Copying 0 resource
2019-07-05 10:15:05,491 [Worker-15: Launching chromebrow] INFO  o.e.m.c.i.embedder.EclipseLogger - Using 'UTF-8' encoding to copy filtered resources.
2019-07-05 10:15:05,492 [Worker-15: Launching chromebrow] INFO  o.e.m.c.i.embedder.EclipseLogger - Copying 0 resource
2019-07-05 10:15:05,493 [Worker-15: Launching chromebrow] INFO  o.e.m.c.i.embedder.EclipseLogger - Using 'UTF-8' encoding to copy filtered resources.
2019-07-05 10:15:05,493 [Worker-15: Launching chromebrow] INFO  o.e.m.c.i.embedder.EclipseLogger - Copying 0 resource
2019-07-05 10:17:42,088 [Worker-16: Building workspace] INFO  o.e.m.c.i.embedder.EclipseLogger - Using 'UTF-8' encoding to copy filtered resources.
2019-07-05 10:17:42,088 [Worker-16: Building workspace] INFO  o.e.m.c.i.embedder.EclipseLogger - Copying 0 resource
2019-07-05 10:17:42,090 [Worker-16: Building workspace] INFO  o.e.m.c.i.embedder.EclipseLogger - Using 'UTF-8' encoding to copy filtered resources.
2019-07-05 10:17:42,090 [Worker-16: Building workspace] INFO  o.e.m.c.i.embedder.EclipseLogger - Copying 0 resource
2019-07-05 10:18:00,388 [Worker-12: Building workspace] INFO  o.e.m.c.i.embedder.EclipseLogger - Using 'UTF-8' encoding to copy filtered resources.
2019-07-05 10:18:00,389 [Worker-12: Building workspace] INFO  o.e.m.c.i.embedder.EclipseLogger - Copying 0 resource
2019-07-05 10:18:00,389 [Worker-12: Building workspace] INFO  o.e.m.c.i.embedder.EclipseLogger - Using 'UTF-8' encoding to copy filtered resources.
2019-07-05 10:18:00,390 [Worker-12: Building workspace] INFO  o.e.m.c.i.embedder.EclipseLogger - Copying 0 resource
2019-07-05 10:20:54,384 [Worker-12: Building workspace] INFO  o.e.m.c.i.embedder.EclipseLogger - Using 'UTF-8' encoding to copy filtered resources.
2019-07-05 10:20:54,385 [Worker-12: Building workspace] INFO  o.e.m.c.i.embedder.EclipseLogger - Copying 0 resource
2019-07-05 10:20:54,386 [Worker-12: Building workspace] INFO  o.e.m.c.i.embedder.EclipseLogger - Using 'UTF-8' encoding to copy filtered resources.
2019-07-05 10:20:54,386 [Worker-12: Building workspace] INFO  o.e.m.c.i.embedder.EclipseLogger - Copying 0 resource
2019-07-05 10:21:18,032 [Worker-17: Building workspace] INFO  o.e.m.c.i.embedder.EclipseLogger - Using 'UTF-8' encoding to copy filtered resources.
2019-07-05 10:21:18,032 [Worker-17: Building workspace] INFO  o.e.m.c.i.embedder.EclipseLogger - Copying 0 resource
2019-07-05 10:21:18,034 [Worker-17: Building workspace] INFO  o.e.m.c.i.embedder.EclipseLogger - Using 'UTF-8' encoding to copy filtered resources.
2019-07-05 10:21:18,034 [Worker-17: Building workspace] INFO  o.e.m.c.i.embedder.EclipseLogger - Copying 0 resource
2019-07-05 10:21:25,741 [Worker-17: Building workspace] INFO  o.e.m.c.i.embedder.EclipseLogger - Using 'UTF-8' encoding to copy filtered resources.
2019-07-05 10:21:25,741 [Worker-17: Building workspace] INFO  o.e.m.c.i.embedder.EclipseLogger - Copying 0 resource
2019-07-05 10:21:25,742 [Worker-17: Building workspace] INFO  o.e.m.c.i.embedder.EclipseLogger - Using 'UTF-8' encoding to copy filtered resources.
2019-07-05 10:21:25,742 [Worker-17: Building workspace] INFO  o.e.m.c.i.embedder.EclipseLogger - Copying 0 resource
2019-07-05 10:22:20,344 [Worker-18: Launching chromebrow] INFO  o.e.m.c.i.embedder.EclipseLogger - Using 'UTF-8' encoding to copy filtered resources.
2019-07-05 10:22:20,345 [Worker-18: Launching chromebrow] INFO  o.e.m.c.i.embedder.EclipseLogger - Copying 0 resource
2019-07-05 10:22:20,346 [Worker-18: Launching chromebrow] INFO  o.e.m.c.i.embedder.EclipseLogger - Using 'UTF-8' encoding to copy filtered resources.
2019-07-05 10:22:20,346 [Worker-18: Launching chromebrow] INFO  o.e.m.c.i.embedder.EclipseLogger - Copying 0 resource
2019-07-05 10:24:40,505 [Worker-7: Building workspace] INFO  o.e.m.c.i.embedder.EclipseLogger - Using 'UTF-8' encoding to copy filtered resources.
2019-07-05 10:24:40,506 [Worker-7: Building workspace] INFO  o.e.m.c.i.embedder.EclipseLogger - Copying 0 resource
2019-07-05 10:24:40,506 [Worker-7: Building workspace] INFO  o.e.m.c.i.embedder.EclipseLogger - Using 'UTF-8' encoding to copy filtered resources.
2019-07-05 10:24:40,507 [Worker-7: Building workspace] INFO  o.e.m.c.i.embedder.EclipseLogger - Copying 0 resource
2019-07-05 10:29:43,518 [Worker-12: Launching testchromebrow] INFO  o.e.m.c.i.embedder.EclipseLogger - Using 'UTF-8' encoding to copy filtered resources.
2019-07-05 10:29:43,519 [Worker-12: Launching testchromebrow] INFO  o.e.m.c.i.embedder.EclipseLogger - Copying 0 resource
2019-07-05 10:29:43,520 [Worker-12: Launching testchromebrow] INFO  o.e.m.c.i.embedder.EclipseLogger - Using 'UTF-8' encoding to copy filtered resources.
2019-07-05 10:29:43,520 [Worker-12: Launching testchromebrow] INFO  o.e.m.c.i.embedder.EclipseLogger - Copying 0 resource
2019-07-05 10:31:46,451 [Worker-22: Launching chromebrow] INFO  o.e.m.c.i.embedder.EclipseLogger - Using 'UTF-8' encoding to copy filtered resources.
2019-07-05 10:31:46,452 [Worker-22: Launching chromebrow] INFO  o.e.m.c.i.embedder.EclipseLogger - Copying 0 resource
2019-07-05 10:31:46,453 [Worker-22: Launching chromebrow] INFO  o.e.m.c.i.embedder.EclipseLogger - Using 'UTF-8' encoding to copy filtered resources.
2019-07-05 10:31:46,454 [Worker-22: Launching chromebrow] INFO  o.e.m.c.i.embedder.EclipseLogger - Copying 0 resource
2019-07-05 10:32:26,274 [Worker-23: Launching chromebrow] INFO  o.e.m.c.i.embedder.EclipseLogger - Using 'UTF-8' encoding to copy filtered resources.
2019-07-05 10:32:26,275 [Worker-23: Launching chromebrow] INFO  o.e.m.c.i.embedder.EclipseLogger - Copying 0 resource
2019-07-05 10:32:26,276 [Worker-23: Launching chromebrow] INFO  o.e.m.c.i.embedder.EclipseLogger - Using 'UTF-8' encoding to copy filtered resources.
2019-07-05 10:32:26,277 [Worker-23: Launching chromebrow] INFO  o.e.m.c.i.embedder.EclipseLogger - Copying 0 resource
2019-07-05 10:32:38,772 [Worker-24: Launching chromebrow] INFO  o.e.m.c.i.embedder.EclipseLogger - Using 'UTF-8' encoding to copy filtered resources.
2019-07-05 10:32:38,774 [Worker-24: Launching chromebrow] INFO  o.e.m.c.i.embedder.EclipseLogger - Copying 0 resource
2019-07-05 10:32:38,775 [Worker-24: Launching chromebrow] INFO  o.e.m.c.i.embedder.EclipseLogger - Using 'UTF-8' encoding to copy filtered resources.
2019-07-05 10:32:38,775 [Worker-24: Launching chromebrow] INFO  o.e.m.c.i.embedder.EclipseLogger - Copying 0 resource
2019-07-05 10:35:29,571 [Worker-19: Launching testchromebrow] INFO  o.e.m.c.i.embedder.EclipseLogger - Using 'UTF-8' encoding to copy filtered resources.
2019-07-05 10:35:29,571 [Worker-19: Launching testchromebrow] INFO  o.e.m.c.i.embedder.EclipseLogger - Copying 0 resource
2019-07-05 10:35:29,573 [Worker-19: Launching testchromebrow] INFO  o.e.m.c.i.embedder.EclipseLogger - Using 'UTF-8' encoding to copy filtered resources.
2019-07-05 10:35:29,574 [Worker-19: Launching testchromebrow] INFO  o.e.m.c.i.embedder.EclipseLogger - Copying 0 resource
2019-07-05 10:36:36,314 [Worker-19: Launching testchromebrow] INFO  o.e.m.c.i.embedder.EclipseLogger - Using 'UTF-8' encoding to copy filtered resources.
2019-07-05 10:36:36,315 [Worker-19: Launching testchromebrow] INFO  o.e.m.c.i.embedder.EclipseLogger - Copying 0 resource
2019-07-05 10:36:36,315 [Worker-19: Launching testchromebrow] INFO  o.e.m.c.i.embedder.EclipseLogger - Using 'UTF-8' encoding to copy filtered resources.
2019-07-05 10:36:36,316 [Worker-19: Launching testchromebrow] INFO  o.e.m.c.i.embedder.EclipseLogger - Copying 0 resource
2019-07-05 10:38:23,232 [Worker-19: Launching testchromebrow] INFO  o.e.m.c.i.embedder.EclipseLogger - Using 'UTF-8' encoding to copy filtered resources.
2019-07-05 10:38:23,233 [Worker-19: Launching testchromebrow] INFO  o.e.m.c.i.embedder.EclipseLogger - Copying 0 resource
2019-07-05 10:38:23,233 [Worker-19: Launching testchromebrow] INFO  o.e.m.c.i.embedder.EclipseLogger - Using 'UTF-8' encoding to copy filtered resources.
2019-07-05 10:38:23,234 [Worker-19: Launching testchromebrow] INFO  o.e.m.c.i.embedder.EclipseLogger - Copying 0 resource
2019-07-05 10:46:14,025 [main] INFO  o.e.m2e.actions.ExecutePomAction - Creating new launch configuration
2019-07-05 10:46:22,238 [Worker-29: Launching louchChrome] INFO  o.e.m.i.launch.MavenLaunchDelegate - C:\Users\Abdel\Documents\Cloned Servers\maven1\louchChrome
2019-07-05 10:46:22,239 [Worker-29: Launching louchChrome] INFO  o.e.m.i.launch.MavenLaunchDelegate -  mvn -B deploy
2019-07-05 10:46:58,116 [Worker-19: Building workspace] INFO  o.e.m.c.i.embedder.EclipseLogger - Using 'UTF-8' encoding to copy filtered resources.
2019-07-05 10:46:58,116 [Worker-19: Building workspace] INFO  o.e.m.c.i.embedder.EclipseLogger - Copying 0 resource
2019-07-05 10:46:58,117 [Worker-19: Building workspace] INFO  o.e.m.c.i.embedder.EclipseLogger - Using 'UTF-8' encoding to copy filtered resources.
2019-07-05 10:46:58,117 [Worker-19: Building workspace] INFO  o.e.m.c.i.embedder.EclipseLogger - Copying 0 resource
2019-07-05 10:51:14,041 [main] INFO  o.e.m2e.actions.ExecutePomAction - Creating new launch configuration
2019-07-05 10:51:20,527 [Worker-29: Launching louchChrome (1)] INFO  o.e.m.i.launch.MavenLaunchDelegate - C:\Users\Abdel\Documents\Cloned Servers\maven1\louchChrome
2019-07-05 10:51:20,527 [Worker-29: Launching louchChrome (1)] INFO  o.e.m.i.launch.MavenLaunchDelegate -  mvn -B install
2019-07-05 11:02:05,025 [Worker-1: Loading available Gradle versions] INFO  c.g.t.t.d.PublishedGradleVersions - Gradle version information cache is up-to-date. Trying to read.
2019-07-05 11:04:16,456 [Worker-12: Building workspace] INFO  o.e.m.c.i.embedder.EclipseLogger - Using 'UTF-8' encoding to copy filtered resources.
2019-07-05 11:04:16,462 [Worker-12: Building workspace] INFO  o.e.m.c.i.embedder.EclipseLogger - Copying 0 resource
2019-07-05 11:04:16,464 [Worker-12: Building workspace] INFO  o.e.m.c.i.embedder.EclipseLogger - Using 'UTF-8' encoding to copy filtered resources.
2019-07-05 11:04:16,464 [Worker-12: Building workspace] INFO  o.e.m.c.i.embedder.EclipseLogger - Copying 0 resource
2019-07-05 11:09:49,392 [Worker-6: Launching testchromebrow] INFO  o.e.m.c.i.embedder.EclipseLogger - Using 'UTF-8' encoding to copy filtered resources.
2019-07-05 11:09:49,407 [Worker-6: Launching testchromebrow] INFO  o.e.m.c.i.embedder.EclipseLogger - Copying 0 resource
2019-07-05 11:09:49,407 [Worker-6: Launching testchromebrow] INFO  o.e.m.c.i.embedder.EclipseLogger - Using 'UTF-8' encoding to copy filtered resources.
2019-07-05 11:09:49,407 [Worker-6: Launching testchromebrow] INFO  o.e.m.c.i.embedder.EclipseLogger - Copying 0 resource
2019-07-05 11:10:36,599 [Worker-12: Launching testchromebrow] INFO  o.e.m.c.i.embedder.EclipseLogger - Using 'UTF-8' encoding to copy filtered resources.
2019-07-05 11:10:36,599 [Worker-12: Launching testchromebrow] INFO  o.e.m.c.i.embedder.EclipseLogger - Copying 0 resource
2019-07-05 11:10:36,600 [Worker-12: Launching testchromebrow] INFO  o.e.m.c.i.embedder.EclipseLogger - Using 'UTF-8' encoding to copy filtered resources.
2019-07-05 11:10:36,601 [Worker-12: Launching testchromebrow] INFO  o.e.m.c.i.embedder.EclipseLogger - Copying 0 resource
2019-07-05 11:11:13,095 [Worker-11: Launching chromebrow] INFO  o.e.m.c.i.embedder.EclipseLogger - Using 'UTF-8' encoding to copy filtered resources.
2019-07-05 11:11:13,111 [Worker-11: Launching chromebrow] INFO  o.e.m.c.i.embedder.EclipseLogger - Copying 0 resource
2019-07-05 11:11:13,111 [Worker-11: Launching chromebrow] INFO  o.e.m.c.i.embedder.EclipseLogger - Using 'UTF-8' encoding to copy filtered resources.
2019-07-05 11:11:13,111 [Worker-11: Launching chromebrow] INFO  o.e.m.c.i.embedder.EclipseLogger - Copying 0 resource
2019-07-05 11:20:47,367 [Worker-18: Launching testchromebrow] INFO  o.e.m.c.i.embedder.EclipseLogger - Using 'UTF-8' encoding to copy filtered resources.
2019-07-05 11:20:47,368 [Worker-18: Launching testchromebrow] INFO  o.e.m.c.i.embedder.EclipseLogger - Copying 0 resource
2019-07-05 11:20:47,368 [Worker-18: Launching testchromebrow] INFO  o.e.m.c.i.embedder.EclipseLogger - Using 'UTF-8' encoding to copy filtered resources.
2019-07-05 11:20:47,369 [Worker-18: Launching testchromebrow] INFO  o.e.m.c.i.embedder.EclipseLogger - Copying 0 resource
2019-07-05 11:21:45,105 [Worker-11: Launching chromebrow] INFO  o.e.m.c.i.embedder.EclipseLogger - Using 'UTF-8' encoding to copy filtered resources.
2019-07-05 11:21:45,106 [Worker-11: Launching chromebrow] INFO  o.e.m.c.i.embedder.EclipseLogger - Copying 0 resource
2019-07-05 11:21:45,107 [Worker-11: Launching chromebrow] INFO  o.e.m.c.i.embedder.EclipseLogger - Using 'UTF-8' encoding to copy filtered resources.
2019-07-05 11:21:45,108 [Worker-11: Launching chromebrow] INFO  o.e.m.c.i.embedder.EclipseLogger - Copying 0 resource
2019-07-05 11:23:09,792 [Worker-19: Launching chromebrow] INFO  o.e.m.c.i.embedder.EclipseLogger - Using 'UTF-8' encoding to copy filtered resources.
2019-07-05 11:23:09,793 [Worker-19: Launching chromebrow] INFO  o.e.m.c.i.embedder.EclipseLogger - Copying 0 resource
2019-07-05 11:23:09,794 [Worker-19: Launching chromebrow] INFO  o.e.m.c.i.embedder.EclipseLogger - Using 'UTF-8' encoding to copy filtered resources.
2019-07-05 11:23:09,794 [Worker-19: Launching chromebrow] INFO  o.e.m.c.i.embedder.EclipseLogger - Copying 0 resource
2019-07-05 11:23:42,669 [Worker-13: Launching chromebrow] INFO  o.e.m.c.i.embedder.EclipseLogger - Using 'UTF-8' encoding to copy filtered resources.
2019-07-05 11:23:42,669 [Worker-13: Launching chromebrow] INFO  o.e.m.c.i.embedder.EclipseLogger - Copying 0 resource
2019-07-05 11:23:42,671 [Worker-13: Launching chromebrow] INFO  o.e.m.c.i.embedder.EclipseLogger - Using 'UTF-8' encoding to copy filtered resources.
2019-07-05 11:23:42,672 [Worker-13: Launching chromebrow] INFO  o.e.m.c.i.embedder.EclipseLogger - Copying 0 resource
2019-07-05 11:24:48,903 [Worker-17: Launching chromebrow] INFO  o.e.m.c.i.embedder.EclipseLogger - Using 'UTF-8' encoding to copy filtered resources.
2019-07-05 11:24:48,904 [Worker-17: Launching chromebrow] INFO  o.e.m.c.i.embedder.EclipseLogger - Copying 0 resource
2019-07-05 11:24:48,905 [Worker-17: Launching chromebrow] INFO  o.e.m.c.i.embedder.EclipseLogger - Using 'UTF-8' encoding to copy filtered resources.
2019-07-05 11:24:48,905 [Worker-17: Launching chromebrow] INFO  o.e.m.c.i.embedder.EclipseLogger - Copying 0 resource
2019-07-05 11:26:42,319 [Worker-13: Launching testchromebrow] INFO  o.e.m.c.i.embedder.EclipseLogger - Using 'UTF-8' encoding to copy filtered resources.
2019-07-05 11:26:42,320 [Worker-13: Launching testchromebrow] INFO  o.e.m.c.i.embedder.EclipseLogger - Copying 0 resource
2019-07-05 11:26:42,321 [Worker-13: Launching testchromebrow] INFO  o.e.m.c.i.embedder.EclipseLogger - Using 'UTF-8' encoding to copy filtered resources.
2019-07-05 11:26:42,322 [Worker-13: Launching testchromebrow] INFO  o.e.m.c.i.embedder.EclipseLogger - Copying 0 resource
2019-07-05 11:27:23,457 [Worker-11: Launching testchromebrow] INFO  o.e.m.c.i.embedder.EclipseLogger - Using 'UTF-8' encoding to copy filtered resources.
2019-07-05 11:27:23,457 [Worker-11: Launching testchromebrow] INFO  o.e.m.c.i.embedder.EclipseLogger - Copying 0 resource
2019-07-05 11:27:23,458 [Worker-11: Launching testchromebrow] INFO  o.e.m.c.i.embedder.EclipseLogger - Using 'UTF-8' encoding to copy filtered resources.
2019-07-05 11:27:23,459 [Worker-11: Launching testchromebrow] INFO  o.e.m.c.i.embedder.EclipseLogger - Copying 0 resource
2019-07-05 11:28:05,510 [Worker-17: Launching testchromebrow] INFO  o.e.m.c.i.embedder.EclipseLogger - Using 'UTF-8' encoding to copy filtered resources.
2019-07-05 11:28:05,511 [Worker-17: Launching testchromebrow] INFO  o.e.m.c.i.embedder.EclipseLogger - Copying 0 resource
2019-07-05 11:28:05,512 [Worker-17: Launching testchromebrow] INFO  o.e.m.c.i.embedder.EclipseLogger - Using 'UTF-8' encoding to copy filtered resources.
2019-07-05 11:28:05,513 [Worker-17: Launching testchromebrow] INFO  o.e.m.c.i.embedder.EclipseLogger - Copying 0 resource
2019-07-05 11:28:50,554 [Worker-17: Launching testchromebrow] INFO  o.e.m.c.i.embedder.EclipseLogger - Using 'UTF-8' encoding to copy filtered resources.
2019-07-05 11:28:50,555 [Worker-17: Launching testchromebrow] INFO  o.e.m.c.i.embedder.EclipseLogger - Copying 0 resource
2019-07-05 11:28:50,557 [Worker-17: Launching testchromebrow] INFO  o.e.m.c.i.embedder.EclipseLogger - Using 'UTF-8' encoding to copy filtered resources.
2019-07-05 11:28:50,557 [Worker-17: Launching testchromebrow] INFO  o.e.m.c.i.embedder.EclipseLogger - Copying 0 resource
2019-07-05 11:29:34,709 [Worker-11: Launching chromebrow] INFO  o.e.m.c.i.embedder.EclipseLogger - Using 'UTF-8' encoding to copy filtered resources.
2019-07-05 11:29:34,710 [Worker-11: Launching chromebrow] INFO  o.e.m.c.i.embedder.EclipseLogger - Copying 0 resource
2019-07-05 11:29:34,711 [Worker-11: Launching chromebrow] INFO  o.e.m.c.i.embedder.EclipseLogger - Using 'UTF-8' encoding to copy filtered resources.
2019-07-05 11:29:34,711 [Worker-11: Launching chromebrow] INFO  o.e.m.c.i.embedder.EclipseLogger - Copying 0 resource
2019-07-05 11:31:08,542 [Worker-20: Launching testchromebrow] INFO  o.e.m.c.i.embedder.EclipseLogger - Using 'UTF-8' encoding to copy filtered resources.
2019-07-05 11:31:08,543 [Worker-20: Launching testchromebrow] INFO  o.e.m.c.i.embedder.EclipseLogger - Copying 0 resource
2019-07-05 11:31:08,545 [Worker-20: Launching testchromebrow] INFO  o.e.m.c.i.embedder.EclipseLogger - Using 'UTF-8' encoding to copy filtered resources.
2019-07-05 11:31:08,545 [Worker-20: Launching testchromebrow] INFO  o.e.m.c.i.embedder.EclipseLogger - Copying 0 resource
2019-07-05 18:19:25,611 [Worker-0: Loading available Gradle versions] INFO  c.g.t.t.d.PublishedGradleVersions - Gradle version information cache is up-to-date. Trying to read.
2019-07-05 18:47:17,316 [Worker-10: Building workspace] INFO  o.e.m.c.i.embedder.EclipseLogger - Using 'UTF-8' encoding to copy filtered resources.
2019-07-05 18:47:17,321 [Worker-10: Building workspace] INFO  o.e.m.c.i.embedder.EclipseLogger - Copying 0 resource
2019-07-05 18:47:17,323 [Worker-10: Building workspace] INFO  o.e.m.c.i.embedder.EclipseLogger - Using 'UTF-8' encoding to copy filtered resources.
2019-07-05 18:47:17,324 [Worker-10: Building workspace] INFO  o.e.m.c.i.embedder.EclipseLogger - Copying 0 resource
2019-07-05 18:48:29,677 [Worker-10: Building workspace] INFO  o.e.m.c.i.embedder.EclipseLogger - Using 'UTF-8' encoding to copy filtered resources.
2019-07-05 18:48:29,680 [Worker-10: Building workspace] INFO  o.e.m.c.i.embedder.EclipseLogger - Copying 0 resource
2019-07-05 18:48:29,681 [Worker-10: Building workspace] INFO  o.e.m.c.i.embedder.EclipseLogger - Using 'UTF-8' encoding to copy filtered resources.
2019-07-05 18:48:29,681 [Worker-10: Building workspace] INFO  o.e.m.c.i.embedder.EclipseLogger - Copying 0 resource
2019-07-05 18:55:32,194 [Worker-10: Creating project "Annotations"] INFO  o.e.m.c.i.l.LifecycleMappingFactory - Using org.eclipse.m2e.jdt.JarLifecycleMapping lifecycle mapping for MavenProject: TestNGProject:Annotations:0.0.1-SNAPSHOT @ C:\Users\Abdel\Documents\Cloned Servers\maven1\Annotations\pom.xml.
2019-07-05 18:55:32,344 [Worker-10: Creating project "Annotations"] INFO  o.e.m.j.i.AbstractJavaProjectConfigurator - Adding source folder /Annotations/src/main/java
2019-07-05 18:55:32,346 [Worker-10: Creating project "Annotations"] INFO  o.e.m.j.i.AbstractJavaProjectConfigurator - Adding resource folder /Annotations/src/main/resources
2019-07-05 18:55:32,347 [Worker-10: Creating project "Annotations"] INFO  o.e.m.j.i.AbstractJavaProjectConfigurator - Adding source folder /Annotations/src/test/java
2019-07-05 18:55:32,347 [Worker-10: Creating project "Annotations"] INFO  o.e.m.j.i.AbstractJavaProjectConfigurator - Adding resource folder /Annotations/src/test/resources
2019-07-05 18:55:32,673 [Worker-21: Building workspace] WARN  o.e.m.c.i.embedder.EclipseLogger - Using platform encoding (Cp1252 actually) to copy filtered resources, i.e. build is platform dependent!
2019-07-05 18:55:32,674 [Worker-21: Building workspace] INFO  o.e.m.c.i.embedder.EclipseLogger - Copying 0 resource
2019-07-05 18:55:32,676 [Worker-21: Building workspace] WARN  o.e.m.c.i.embedder.EclipseLogger - Using platform encoding (Cp1252 actually) to copy filtered resources, i.e. build is platform dependent!
2019-07-05 18:55:32,677 [Worker-21: Building workspace] INFO  o.e.m.c.i.embedder.EclipseLogger - Copying 0 resource
2019-07-05 18:57:25,934 [Worker-34: Building workspace] WARN  o.e.m.c.i.embedder.EclipseLogger - Using platform encoding (Cp1252 actually) to copy filtered resources, i.e. build is platform dependent!
2019-07-05 18:57:25,936 [Worker-34: Building workspace] INFO  o.e.m.c.i.embedder.EclipseLogger - Copying 0 resource
2019-07-05 18:57:25,936 [Worker-34: Building workspace] WARN  o.e.m.c.i.embedder.EclipseLogger - Using platform encoding (Cp1252 actually) to copy filtered resources, i.e. build is platform dependent!
2019-07-05 18:57:25,937 [Worker-34: Building workspace] INFO  o.e.m.c.i.embedder.EclipseLogger - Copying 0 resource
2019-07-05 19:03:07,668 [Worker-31: Building workspace] WARN  o.e.m.c.i.embedder.EclipseLogger - Using platform encoding (Cp1252 actually) to copy filtered resources, i.e. build is platform dependent!
2019-07-05 19:03:07,669 [Worker-31: Building workspace] INFO  o.e.m.c.i.embedder.EclipseLogger - Copying 0 resource
2019-07-05 19:03:07,670 [Worker-31: Building workspace] WARN  o.e.m.c.i.embedder.EclipseLogger - Using platform encoding (Cp1252 actually) to copy filtered resources, i.e. build is platform dependent!
2019-07-05 19:03:07,675 [Worker-31: Building workspace] INFO  o.e.m.c.i.embedder.EclipseLogger - Copying 0 resource
2019-07-05 19:03:44,510 [Worker-34: Building workspace] WARN  o.e.m.c.i.embedder.EclipseLogger - Using platform encoding (Cp1252 actually) to copy filtered resources, i.e. build is platform dependent!
2019-07-05 19:03:44,511 [Worker-34: Building workspace] INFO  o.e.m.c.i.embedder.EclipseLogger - Copying 0 resource
2019-07-05 19:03:44,512 [Worker-34: Building workspace] WARN  o.e.m.c.i.embedder.EclipseLogger - Using platform encoding (Cp1252 actually) to copy filtered resources, i.e. build is platform dependent!
2019-07-05 19:03:44,517 [Worker-34: Building workspace] INFO  o.e.m.c.i.embedder.EclipseLogger - Copying 0 resource
2019-07-05 19:07:12,644 [Worker-21: Building workspace] INFO  o.e.m.c.i.l.LifecycleMappingFactory - Using org.eclipse.m2e.jdt.JarLifecycleMapping lifecycle mapping for MavenProject: TestNGProject:Annotations:0.0.1-SNAPSHOT @ C:\Users\Abdel\Documents\Cloned Servers\maven1\Annotations\pom.xml.
2019-07-05 19:07:12,844 [Worker-21: Building workspace] WARN  o.e.m.c.i.embedder.EclipseLogger - Using platform encoding (Cp1252 actually) to copy filtered resources, i.e. build is platform dependent!
2019-07-05 19:07:12,844 [Worker-21: Building workspace] INFO  o.e.m.c.i.embedder.EclipseLogger - Copying 0 resource
2019-07-05 19:07:12,844 [Worker-21: Building workspace] WARN  o.e.m.c.i.embedder.EclipseLogger - Using platform encoding (Cp1252 actually) to copy filtered resources, i.e. build is platform dependent!
2019-07-05 19:07:12,844 [Worker-21: Building workspace] INFO  o.e.m.c.i.embedder.EclipseLogger - Copying 0 resource
2019-07-05 19:18:50,498 [Worker-39: Building Workspace] WARN  o.e.m.c.i.embedder.EclipseLogger - Using platform encoding (Cp1252 actually) to copy filtered resources, i.e. build is platform dependent!
2019-07-05 19:18:50,498 [Worker-39: Building Workspace] INFO  o.e.m.c.i.embedder.EclipseLogger - Copying 0 resource
2019-07-05 19:18:50,498 [Worker-39: Building Workspace] WARN  o.e.m.c.i.embedder.EclipseLogger - Using platform encoding (Cp1252 actually) to copy filtered resources, i.e. build is platform dependent!
2019-07-05 19:18:50,498 [Worker-39: Building Workspace] INFO  o.e.m.c.i.embedder.EclipseLogger - Copying 0 resource
2019-07-05 19:19:28,297 [Worker-37: Building workspace] WARN  o.e.m.c.i.embedder.EclipseLogger - Using platform encoding (Cp1252 actually) to copy filtered resources, i.e. build is platform dependent!
2019-07-05 19:19:28,299 [Worker-37: Building workspace] INFO  o.e.m.c.i.embedder.EclipseLogger - Copying 0 resource
2019-07-05 19:19:28,300 [Worker-37: Building workspace] WARN  o.e.m.c.i.embedder.EclipseLogger - Using platform encoding (Cp1252 actually) to copy filtered resources, i.e. build is platform dependent!
2019-07-05 19:19:28,302 [Worker-37: Building workspace] INFO  o.e.m.c.i.embedder.EclipseLogger - Copying 0 resource
2019-07-05 19:22:59,288 [Worker-38: Building workspace] WARN  o.e.m.c.i.embedder.EclipseLogger - Using platform encoding (Cp1252 actually) to copy filtered resources, i.e. build is platform dependent!
2019-07-05 19:22:59,289 [Worker-38: Building workspace] INFO  o.e.m.c.i.embedder.EclipseLogger - Copying 0 resource
2019-07-05 19:22:59,290 [Worker-38: Building workspace] WARN  o.e.m.c.i.embedder.EclipseLogger - Using platform encoding (Cp1252 actually) to copy filtered resources, i.e. build is platform dependent!
2019-07-05 19:22:59,291 [Worker-38: Building workspace] INFO  o.e.m.c.i.embedder.EclipseLogger - Copying 0 resource
2019-07-05 19:24:46,551 [Worker-31: Building workspace] WARN  o.e.m.c.i.embedder.EclipseLogger - Using platform encoding (Cp1252 actually) to copy filtered resources, i.e. build is platform dependent!
2019-07-05 19:24:46,552 [Worker-31: Building workspace] INFO  o.e.m.c.i.embedder.EclipseLogger - Copying 0 resource
2019-07-05 19:24:46,552 [Worker-31: Building workspace] WARN  o.e.m.c.i.embedder.EclipseLogger - Using platform encoding (Cp1252 actually) to copy filtered resources, i.e. build is platform dependent!
2019-07-05 19:24:46,553 [Worker-31: Building workspace] INFO  o.e.m.c.i.embedder.EclipseLogger - Copying 0 resource
2019-07-05 19:32:15,519 [Worker-21: Launching New_configuration (1)] WARN  o.e.m.c.i.embedder.EclipseLogger - Using platform encoding (Cp1252 actually) to copy filtered resources, i.e. build is platform dependent!
2019-07-05 19:32:15,519 [Worker-21: Launching New_configuration (1)] INFO  o.e.m.c.i.embedder.EclipseLogger - Copying 0 resource
2019-07-05 19:32:15,519 [Worker-21: Launching New_configuration (1)] WARN  o.e.m.c.i.embedder.EclipseLogger - Using platform encoding (Cp1252 actually) to copy filtered resources, i.e. build is platform dependent!
2019-07-05 19:32:15,519 [Worker-21: Launching New_configuration (1)] INFO  o.e.m.c.i.embedder.EclipseLogger - Copying 0 resource
2019-07-05 19:33:26,238 [Worker-40: Launching testbrowser] WARN  o.e.m.c.i.embedder.EclipseLogger - Using platform encoding (Cp1252 actually) to copy filtered resources, i.e. build is platform dependent!
2019-07-05 19:33:26,238 [Worker-40: Launching testbrowser] INFO  o.e.m.c.i.embedder.EclipseLogger - Copying 0 resource
2019-07-05 19:33:26,238 [Worker-40: Launching testbrowser] WARN  o.e.m.c.i.embedder.EclipseLogger - Using platform encoding (Cp1252 actually) to copy filtered resources, i.e. build is platform dependent!
2019-07-05 19:33:26,238 [Worker-40: Launching testbrowser] INFO  o.e.m.c.i.embedder.EclipseLogger - Copying 0 resource
2019-07-05 19:35:32,954 [Worker-40: Launching testbrowser] WARN  o.e.m.c.i.embedder.EclipseLogger - Using platform encoding (Cp1252 actually) to copy filtered resources, i.e. build is platform dependent!
2019-07-05 19:35:32,970 [Worker-40: Launching testbrowser] INFO  o.e.m.c.i.embedder.EclipseLogger - Copying 0 resource
2019-07-05 19:35:32,970 [Worker-40: Launching testbrowser] WARN  o.e.m.c.i.embedder.EclipseLogger - Using platform encoding (Cp1252 actually) to copy filtered resources, i.e. build is platform dependent!
2019-07-05 19:35:32,970 [Worker-40: Launching testbrowser] INFO  o.e.m.c.i.embedder.EclipseLogger - Copying 0 resource
2019-07-05 19:36:31,395 [Worker-44: Launching testbrowser] WARN  o.e.m.c.i.embedder.EclipseLogger - Using platform encoding (Cp1252 actually) to copy filtered resources, i.e. build is platform dependent!
2019-07-05 19:36:31,395 [Worker-44: Launching testbrowser] INFO  o.e.m.c.i.embedder.EclipseLogger - Copying 0 resource
2019-07-05 19:36:31,395 [Worker-44: Launching testbrowser] WARN  o.e.m.c.i.embedder.EclipseLogger - Using platform encoding (Cp1252 actually) to copy filtered resources, i.e. build is platform dependent!
2019-07-05 19:36:31,395 [Worker-44: Launching testbrowser] INFO  o.e.m.c.i.embedder.EclipseLogger - Copying 0 resource
2019-07-05 19:37:13,871 [Worker-34: Launching testbrowser] WARN  o.e.m.c.i.embedder.EclipseLogger - Using platform encoding (Cp1252 actually) to copy filtered resources, i.e. build is platform dependent!
2019-07-05 19:37:13,872 [Worker-34: Launching testbrowser] INFO  o.e.m.c.i.embedder.EclipseLogger - Copying 0 resource
2019-07-05 19:37:13,873 [Worker-34: Launching testbrowser] WARN  o.e.m.c.i.embedder.EclipseLogger - Using platform encoding (Cp1252 actually) to copy filtered resources, i.e. build is platform dependent!
2019-07-05 19:37:13,874 [Worker-34: Launching testbrowser] INFO  o.e.m.c.i.embedder.EclipseLogger - Copying 0 resource
2019-07-05 19:38:34,360 [Worker-45: Launching testbrowser] WARN  o.e.m.c.i.embedder.EclipseLogger - Using platform encoding (Cp1252 actually) to copy filtered resources, i.e. build is platform dependent!
2019-07-05 19:38:34,360 [Worker-45: Launching testbrowser] INFO  o.e.m.c.i.embedder.EclipseLogger - Copying 0 resource
2019-07-05 19:38:34,360 [Worker-45: Launching testbrowser] WARN  o.e.m.c.i.embedder.EclipseLogger - Using platform encoding (Cp1252 actually) to copy filtered resources, i.e. build is platform dependent!
2019-07-05 19:38:34,360 [Worker-45: Launching testbrowser] INFO  o.e.m.c.i.embedder.EclipseLogger - Copying 0 resource
2019-07-05 19:39:28,609 [Worker-45: Launching testbrowser] WARN  o.e.m.c.i.embedder.EclipseLogger - Using platform encoding (Cp1252 actually) to copy filtered resources, i.e. build is platform dependent!
2019-07-05 19:39:28,610 [Worker-45: Launching testbrowser] INFO  o.e.m.c.i.embedder.EclipseLogger - Copying 0 resource
2019-07-05 19:39:28,612 [Worker-45: Launching testbrowser] WARN  o.e.m.c.i.embedder.EclipseLogger - Using platform encoding (Cp1252 actually) to copy filtered resources, i.e. build is platform dependent!
2019-07-05 19:39:28,613 [Worker-45: Launching testbrowser] INFO  o.e.m.c.i.embedder.EclipseLogger - Copying 0 resource
2019-07-05 19:41:59,409 [Worker-45: Launching testbrowser] WARN  o.e.m.c.i.embedder.EclipseLogger - Using platform encoding (Cp1252 actually) to copy filtered resources, i.e. build is platform dependent!
2019-07-05 19:41:59,410 [Worker-45: Launching testbrowser] INFO  o.e.m.c.i.embedder.EclipseLogger - Copying 0 resource
2019-07-05 19:41:59,411 [Worker-45: Launching testbrowser] WARN  o.e.m.c.i.embedder.EclipseLogger - Using platform encoding (Cp1252 actually) to copy filtered resources, i.e. build is platform dependent!
2019-07-05 19:41:59,413 [Worker-45: Launching testbrowser] INFO  o.e.m.c.i.embedder.EclipseLogger - Copying 0 resource
2019-07-05 19:42:34,037 [Worker-34: Launching testbrowser] WARN  o.e.m.c.i.embedder.EclipseLogger - Using platform encoding (Cp1252 actually) to copy filtered resources, i.e. build is platform dependent!
2019-07-05 19:42:34,038 [Worker-34: Launching testbrowser] INFO  o.e.m.c.i.embedder.EclipseLogger - Copying 0 resource
2019-07-05 19:42:34,039 [Worker-34: Launching testbrowser] WARN  o.e.m.c.i.embedder.EclipseLogger - Using platform encoding (Cp1252 actually) to copy filtered resources, i.e. build is platform dependent!
2019-07-05 19:42:34,040 [Worker-34: Launching testbrowser] INFO  o.e.m.c.i.embedder.EclipseLogger - Copying 0 resource
2019-07-05 19:43:07,780 [Worker-38: Launching testbrowser] WARN  o.e.m.c.i.embedder.EclipseLogger - Using platform encoding (Cp1252 actually) to copy filtered resources, i.e. build is platform dependent!
2019-07-05 19:43:07,781 [Worker-38: Launching testbrowser] INFO  o.e.m.c.i.embedder.EclipseLogger - Copying 0 resource
2019-07-05 19:43:07,782 [Worker-38: Launching testbrowser] WARN  o.e.m.c.i.embedder.EclipseLogger - Using platform encoding (Cp1252 actually) to copy filtered resources, i.e. build is platform dependent!
2019-07-05 19:43:07,783 [Worker-38: Launching testbrowser] INFO  o.e.m.c.i.embedder.EclipseLogger - Copying 0 resource
2019-07-05 19:44:16,373 [Worker-45: Launching testbrowser] WARN  o.e.m.c.i.embedder.EclipseLogger - Using platform encoding (Cp1252 actually) to copy filtered resources, i.e. build is platform dependent!
2019-07-05 19:44:16,374 [Worker-45: Launching testbrowser] INFO  o.e.m.c.i.embedder.EclipseLogger - Copying 0 resource
2019-07-05 19:44:16,375 [Worker-45: Launching testbrowser] WARN  o.e.m.c.i.embedder.EclipseLogger - Using platform encoding (Cp1252 actually) to copy filtered resources, i.e. build is platform dependent!
2019-07-05 19:44:16,377 [Worker-45: Launching testbrowser] INFO  o.e.m.c.i.embedder.EclipseLogger - Copying 0 resource
2019-07-05 19:45:21,168 [Worker-38: Launching testbrowser] WARN  o.e.m.c.i.embedder.EclipseLogger - Using platform encoding (Cp1252 actually) to copy filtered resources, i.e. build is platform dependent!
2019-07-05 19:45:21,170 [Worker-38: Launching testbrowser] INFO  o.e.m.c.i.embedder.EclipseLogger - Copying 0 resource
2019-07-05 19:45:21,171 [Worker-38: Launching testbrowser] WARN  o.e.m.c.i.embedder.EclipseLogger - Using platform encoding (Cp1252 actually) to copy filtered resources, i.e. build is platform dependent!
2019-07-05 19:45:21,172 [Worker-38: Launching testbrowser] INFO  o.e.m.c.i.embedder.EclipseLogger - Copying 0 resource
2019-07-05 19:53:26,670 [Worker-21: Launching testbrowser] WARN  o.e.m.c.i.embedder.EclipseLogger - Using platform encoding (Cp1252 actually) to copy filtered resources, i.e. build is platform dependent!
2019-07-05 19:53:26,672 [Worker-21: Launching testbrowser] INFO  o.e.m.c.i.embedder.EclipseLogger - Copying 0 resource
2019-07-05 19:53:26,673 [Worker-21: Launching testbrowser] WARN  o.e.m.c.i.embedder.EclipseLogger - Using platform encoding (Cp1252 actually) to copy filtered resources, i.e. build is platform dependent!
2019-07-05 19:53:26,674 [Worker-21: Launching testbrowser] INFO  o.e.m.c.i.embedder.EclipseLogger - Copying 0 resource
2019-07-05 19:53:55,428 [Worker-47: Launching testbrowser] WARN  o.e.m.c.i.embedder.EclipseLogger - Using platform encoding (Cp1252 actually) to copy filtered resources, i.e. build is platform dependent!
2019-07-05 19:53:55,429 [Worker-47: Launching testbrowser] INFO  o.e.m.c.i.embedder.EclipseLogger - Copying 0 resource
2019-07-05 19:53:55,430 [Worker-47: Launching testbrowser] WARN  o.e.m.c.i.embedder.EclipseLogger - Using platform encoding (Cp1252 actually) to copy filtered resources, i.e. build is platform dependent!
2019-07-05 19:53:55,432 [Worker-47: Launching testbrowser] INFO  o.e.m.c.i.embedder.EclipseLogger - Copying 0 resource
2019-07-05 19:58:42,897 [Worker-45: Launching testbrowser] WARN  o.e.m.c.i.embedder.EclipseLogger - Using platform encoding (Cp1252 actually) to copy filtered resources, i.e. build is platform dependent!
2019-07-05 19:58:42,898 [Worker-45: Launching testbrowser] INFO  o.e.m.c.i.embedder.EclipseLogger - Copying 0 resource
2019-07-05 19:58:42,899 [Worker-45: Launching testbrowser] WARN  o.e.m.c.i.embedder.EclipseLogger - Using platform encoding (Cp1252 actually) to copy filtered resources, i.e. build is platform dependent!
2019-07-05 19:58:42,900 [Worker-45: Launching testbrowser] INFO  o.e.m.c.i.embedder.EclipseLogger - Copying 0 resource
2019-07-05 20:00:33,311 [Worker-52: Launching testbrowser] WARN  o.e.m.c.i.embedder.EclipseLogger - Using platform encoding (Cp1252 actually) to copy filtered resources, i.e. build is platform dependent!
2019-07-05 20:00:33,312 [Worker-52: Launching testbrowser] INFO  o.e.m.c.i.embedder.EclipseLogger - Copying 0 resource
2019-07-05 20:00:33,313 [Worker-52: Launching testbrowser] WARN  o.e.m.c.i.embedder.EclipseLogger - Using platform encoding (Cp1252 actually) to copy filtered resources, i.e. build is platform dependent!
2019-07-05 20:00:33,314 [Worker-52: Launching testbrowser] INFO  o.e.m.c.i.embedder.EclipseLogger - Copying 0 resource
2019-07-05 20:46:47,801 [Worker-1: Loading available Gradle versions] INFO  c.g.t.t.d.PublishedGradleVersions - Gradle version information cache is up-to-date. Trying to read.
2019-07-05 20:48:09,193 [Worker-2: Launching testbrowser] WARN  o.e.m.c.i.embedder.EclipseLogger - Using platform encoding (Cp1252 actually) to copy filtered resources, i.e. build is platform dependent!
2019-07-05 20:48:09,198 [Worker-2: Launching testbrowser] INFO  o.e.m.c.i.embedder.EclipseLogger - Copying 0 resource
2019-07-05 20:48:09,199 [Worker-2: Launching testbrowser] WARN  o.e.m.c.i.embedder.EclipseLogger - Using platform encoding (Cp1252 actually) to copy filtered resources, i.e. build is platform dependent!
2019-07-05 20:48:09,200 [Worker-2: Launching testbrowser] INFO  o.e.m.c.i.embedder.EclipseLogger - Copying 0 resource
2019-07-05 20:50:47,202 [Worker-9: Launching testbrowser] WARN  o.e.m.c.i.embedder.EclipseLogger - Using platform encoding (Cp1252 actually) to copy filtered resources, i.e. build is platform dependent!
2019-07-05 20:50:47,206 [Worker-9: Launching testbrowser] INFO  o.e.m.c.i.embedder.EclipseLogger - Copying 0 resource
2019-07-05 20:50:47,207 [Worker-9: Launching testbrowser] WARN  o.e.m.c.i.embedder.EclipseLogger - Using platform encoding (Cp1252 actually) to copy filtered resources, i.e. build is platform dependent!
2019-07-05 20:50:47,209 [Worker-9: Launching testbrowser] INFO  o.e.m.c.i.embedder.EclipseLogger - Copying 0 resource
2019-07-05 20:52:13,159 [Worker-9: Launching testbrowser] WARN  o.e.m.c.i.embedder.EclipseLogger - Using platform encoding (Cp1252 actually) to copy filtered resources, i.e. build is platform dependent!
2019-07-05 20:52:13,161 [Worker-9: Launching testbrowser] INFO  o.e.m.c.i.embedder.EclipseLogger - Copying 0 resource
2019-07-05 20:52:13,162 [Worker-9: Launching testbrowser] WARN  o.e.m.c.i.embedder.EclipseLogger - Using platform encoding (Cp1252 actually) to copy filtered resources, i.e. build is platform dependent!
2019-07-05 20:52:13,164 [Worker-9: Launching testbrowser] INFO  o.e.m.c.i.embedder.EclipseLogger - Copying 0 resource
2019-07-05 20:57:17,426 [Worker-17: Launching testbrowser] WARN  o.e.m.c.i.embedder.EclipseLogger - Using platform encoding (Cp1252 actually) to copy filtered resources, i.e. build is platform dependent!
2019-07-05 20:57:17,428 [Worker-17: Launching testbrowser] INFO  o.e.m.c.i.embedder.EclipseLogger - Copying 0 resource
2019-07-05 20:57:17,429 [Worker-17: Launching testbrowser] WARN  o.e.m.c.i.embedder.EclipseLogger - Using platform encoding (Cp1252 actually) to copy filtered resources, i.e. build is platform dependent!
2019-07-05 20:57:17,431 [Worker-17: Launching testbrowser] INFO  o.e.m.c.i.embedder.EclipseLogger - Copying 0 resource
2019-07-05 20:58:52,342 [Worker-17: Launching testbrowser] WARN  o.e.m.c.i.embedder.EclipseLogger - Using platform encoding (Cp1252 actually) to copy filtered resources, i.e. build is platform dependent!
2019-07-05 20:58:52,343 [Worker-17: Launching testbrowser] INFO  o.e.m.c.i.embedder.EclipseLogger - Copying 0 resource
2019-07-05 20:58:52,344 [Worker-17: Launching testbrowser] WARN  o.e.m.c.i.embedder.EclipseLogger - Using platform encoding (Cp1252 actually) to copy filtered resources, i.e. build is platform dependent!
2019-07-05 20:58:52,346 [Worker-17: Launching testbrowser] INFO  o.e.m.c.i.embedder.EclipseLogger - Copying 0 resource
2019-07-05 21:00:36,851 [Worker-17: Launching testbrowser] WARN  o.e.m.c.i.embedder.EclipseLogger - Using platform encoding (Cp1252 actually) to copy filtered resources, i.e. build is platform dependent!
2019-07-05 21:00:36,852 [Worker-17: Launching testbrowser] INFO  o.e.m.c.i.embedder.EclipseLogger - Copying 0 resource
2019-07-05 21:00:36,853 [Worker-17: Launching testbrowser] WARN  o.e.m.c.i.embedder.EclipseLogger - Using platform encoding (Cp1252 actually) to copy filtered resources, i.e. build is platform dependent!
2019-07-05 21:00:36,855 [Worker-17: Launching testbrowser] INFO  o.e.m.c.i.embedder.EclipseLogger - Copying 0 resource
2019-07-05 21:06:37,723 [Worker-15: Launching testbrowser] WARN  o.e.m.c.i.embedder.EclipseLogger - Using platform encoding (Cp1252 actually) to copy filtered resources, i.e. build is platform dependent!
2019-07-05 21:06:37,724 [Worker-15: Launching testbrowser] INFO  o.e.m.c.i.embedder.EclipseLogger - Copying 0 resource
2019-07-05 21:06:37,725 [Worker-15: Launching testbrowser] WARN  o.e.m.c.i.embedder.EclipseLogger - Using platform encoding (Cp1252 actually) to copy filtered resources, i.e. build is platform dependent!
2019-07-05 21:06:37,727 [Worker-15: Launching testbrowser] INFO  o.e.m.c.i.embedder.EclipseLogger - Copying 0 resource
2019-07-05 21:08:40,581 [Worker-18: Launching testbrowser] WARN  o.e.m.c.i.embedder.EclipseLogger - Using platform encoding (Cp1252 actually) to copy filtered resources, i.e. build is platform dependent!
2019-07-05 21:08:40,582 [Worker-18: Launching testbrowser] INFO  o.e.m.c.i.embedder.EclipseLogger - Copying 0 resource
2019-07-05 21:08:40,584 [Worker-18: Launching testbrowser] WARN  o.e.m.c.i.embedder.EclipseLogger - Using platform encoding (Cp1252 actually) to copy filtered resources, i.e. build is platform dependent!
2019-07-05 21:08:40,585 [Worker-18: Launching testbrowser] INFO  o.e.m.c.i.embedder.EclipseLogger - Copying 0 resource
2019-07-05 21:10:14,740 [Worker-15: Launching testbrowser] WARN  o.e.m.c.i.embedder.EclipseLogger - Using platform encoding (Cp1252 actually) to copy filtered resources, i.e. build is platform dependent!
2019-07-05 21:10:14,741 [Worker-15: Launching testbrowser] INFO  o.e.m.c.i.embedder.EclipseLogger - Copying 0 resource
2019-07-05 21:10:14,741 [Worker-15: Launching testbrowser] WARN  o.e.m.c.i.embedder.EclipseLogger - Using platform encoding (Cp1252 actually) to copy filtered resources, i.e. build is platform dependent!
2019-07-05 21:10:14,743 [Worker-15: Launching testbrowser] INFO  o.e.m.c.i.embedder.EclipseLogger - Copying 0 resource
2019-07-05 21:12:48,417 [Worker-7: Launching testbrowser] WARN  o.e.m.c.i.embedder.EclipseLogger - Using platform encoding (Cp1252 actually) to copy filtered resources, i.e. build is platform dependent!
2019-07-05 21:12:48,419 [Worker-7: Launching testbrowser] INFO  o.e.m.c.i.embedder.EclipseLogger - Copying 0 resource
2019-07-05 21:12:48,420 [Worker-7: Launching testbrowser] WARN  o.e.m.c.i.embedder.EclipseLogger - Using platform encoding (Cp1252 actually) to copy filtered resources, i.e. build is platform dependent!
2019-07-05 21:12:48,421 [Worker-7: Launching testbrowser] INFO  o.e.m.c.i.embedder.EclipseLogger - Copying 0 resource
2019-07-05 21:20:53,934 [Worker-22: Launching testbrowser] WARN  o.e.m.c.i.embedder.EclipseLogger - Using platform encoding (Cp1252 actually) to copy filtered resources, i.e. build is platform dependent!
2019-07-05 21:20:53,935 [Worker-22: Launching testbrowser] INFO  o.e.m.c.i.embedder.EclipseLogger - Copying 0 resource
2019-07-05 21:20:53,936 [Worker-22: Launching testbrowser] WARN  o.e.m.c.i.embedder.EclipseLogger - Using platform encoding (Cp1252 actually) to copy filtered resources, i.e. build is platform dependent!
2019-07-05 21:20:53,938 [Worker-22: Launching testbrowser] INFO  o.e.m.c.i.embedder.EclipseLogger - Copying 0 resource
2019-07-05 21:32:26,734 [Worker-24: Building workspace] WARN  o.e.m.c.i.embedder.EclipseLogger - Using platform encoding (Cp1252 actually) to copy filtered resources, i.e. build is platform dependent!
2019-07-05 21:32:26,736 [Worker-24: Building workspace] INFO  o.e.m.c.i.embedder.EclipseLogger - Copying 0 resource
2019-07-05 21:32:26,737 [Worker-24: Building workspace] WARN  o.e.m.c.i.embedder.EclipseLogger - Using platform encoding (Cp1252 actually) to copy filtered resources, i.e. build is platform dependent!
2019-07-05 21:32:26,744 [Worker-24: Building workspace] INFO  o.e.m.c.i.embedder.EclipseLogger - Copying 0 resource
2019-07-05 21:32:28,956 [Worker-24: Building workspace] WARN  o.e.m.c.i.embedder.EclipseLogger - Using platform encoding (Cp1252 actually) to copy filtered resources, i.e. build is platform dependent!
2019-07-05 21:32:28,956 [Worker-24: Building workspace] INFO  o.e.m.c.i.embedder.EclipseLogger - Copying 0 resource
2019-07-05 21:32:28,958 [Worker-24: Building workspace] WARN  o.e.m.c.i.embedder.EclipseLogger - Using platform encoding (Cp1252 actually) to copy filtered resources, i.e. build is platform dependent!
2019-07-05 21:32:28,960 [Worker-24: Building workspace] INFO  o.e.m.c.i.embedder.EclipseLogger - Copying 0 resource
